[INFO]2019-01-10T10:22:44.337 You need to fix it asap[ERROR]2019-01-10T10:22:44.337 no need todo nything[INFO]2019-01-10T10:28:46.301 U have ver big error[INFO]2019-01-10T10:28:46.301 You need to fix it asap[ERROR]2019-01-10T10:28:46.301 no need todo nything[INFO]2019-01-10T10:36:03.846 U have ver big error[INFO]2019-01-10T10:36:03.846 You need to fix it asap[ERROR]2019-01-10T10:36:03.846 no need todo nything[INFO]2019-01-10T10:37:55.327 U have ver big error/n[INFO]2019-01-10T10:37:55.343 You need to fix it asap/n[ERROR]2019-01-10T10:37:55.343 no need todo nything/n[INFO]2019-01-10T10:39:42.143 U have ver big error
[INFO]2019-01-10T10:39:42.143 You need to fix it asap
[ERROR]2019-01-10T10:39:42.143 no need todo nything/n[INFO]2019-01-10T10:39:42.283 U have ver big error
[INFO]2019-01-10T10:39:42.299 You need to fix it asap
[ERROR]2019-01-10T10:39:42.299 no need todo nything/n[INFO]2019-01-10T10:40:34.383 U have ver big error/n[INFO]2019-01-10T10:40:34.383 You need to fix it asap/n[ERROR]2019-01-10T10:40:34.383 no need todo nything/n[INFO]2019-01-10T10:40:34.594 U have ver big error/n[INFO]2019-01-10T10:40:34.594 You need to fix it asap/n[ERROR]2019-01-10T10:40:34.594 no need todo nything/n[INFO]2019-01-10T10:40:35.587 U have ver big error/n[INFO]2019-01-10T10:40:35.602 You need to fix it asap/n[ERROR]2019-01-10T10:40:35.602 no need todo nything/n[INFO]2019-01-10T10:40:37.001 U have ver big error/n[INFO]2019-01-10T10:40:37.017 You need to fix it asap/n[ERROR]2019-01-10T10:40:37.017 no need todo nything/n[INFO]2019-01-10T10:40:38.665 U have ver big error/n[INFO]2019-01-10T10:40:38.665 You need to fix it asap/n[ERROR]2019-01-10T10:40:38.665 no need todo nything/n[INFO]2019-01-10T10:40:40.379 U have ver big error/n[INFO]2019-01-10T10:40:40.379 You need to fix it asap/n[ERROR]2019-01-10T10:40:40.379 no need todo nything/n[INFO]2019-01-10T10:41:12.363 U have ver big error
[INFO]2019-01-10T10:41:12.363 You need to fix it asap
[ERROR]2019-01-10T10:41:12.363 no need todo nything
[INFO]2019-01-10T10:41:23.049 U have ver big error
[INFO]2019-01-10T10:41:23.049 You need to fix it asap
[ERROR]2019-01-10T10:41:23.064 no need todo nything
[INFO]2019-01-10T10:41:24.506 U have ver big error
[INFO]2019-01-10T10:41:24.506 You need to fix it asap
[ERROR]2019-01-10T10:41:24.506 no need todo nything
[INFO]2019-01-10T10:41:24.811 U have ver big error
[INFO]2019-01-10T10:41:24.811 You need to fix it asap
[ERROR]2019-01-10T10:41:24.811 no need todo nything
[INFO]2019-01-10T10:41:25.709 U have ver big error
[INFO]2019-01-10T10:41:25.709 You need to fix it asap
[ERROR]2019-01-10T10:41:25.709 no need todo nything
[INFO]2019-01-10T10:41:26.906 U have ver big error
[INFO]2019-01-10T10:41:26.906 You need to fix it asap
[ERROR]2019-01-10T10:41:26.906 no need todo nything
[INFO]2019-01-10T10:41:26.969 U have ver big error
[INFO]2019-01-10T10:41:26.969 You need to fix it asap
[ERROR]2019-01-10T10:41:26.969 no need todo nything
[INFO]2019-01-10T10:41:27 U have ver big error
[INFO]2019-01-10T10:41:27 You need to fix it asap
[ERROR]2019-01-10T10:41:27 no need todo nything
[INFO]2019-01-10T10:42:44.304 U have ver big error
[INFO]2019-01-10T10:42:44.304 U have ver big error
[INFO]2019-01-10T10:42:44.304 You need to fix it asap
[INFO]2019-01-10T10:42:44.304 You need to fix it asap
[ERROR]2019-01-10T10:42:44.320 no need todo nything
[ERROR]2019-01-10T10:42:44.351 no need todo nything
[INFO]2019-01-10T10:42:46.177 U have ver big error
[INFO]2019-01-10T10:42:46.192 You need to fix it asap
[ERROR]2019-01-10T10:42:46.192 no need todo nything
[INFO]2019-01-10T10:42:46.286 U have ver big error
[INFO]2019-01-10T10:42:46.286 You need to fix it asap
[ERROR]2019-01-10T10:42:46.286 no need todo nything
[INFO]2019-01-10T10:42:50.922 U have ver big error
[INFO]2019-01-10T10:42:50.922 You need to fix it asap
[ERROR]2019-01-10T10:42:50.922 no need todo nything
[INFO]2019-01-10T10:43:05.673 U have ver big error
[INFO]2019-01-10T10:43:05.673 You need to fix it asap
[ERROR]2019-01-10T10:43:05.673 no need todo nything
[INFO]2019-01-10T10:43:06.964 U have ver big error
[INFO]2019-01-10T10:43:06.980 You need to fix it asap
[ERROR]2019-01-10T10:43:06.980 no need todo nything
[INFO]2019-01-10T10:43:08.027 U have ver big error
[INFO]2019-01-10T10:43:08.027 You need to fix it asap
[ERROR]2019-01-10T10:43:08.027 no need todo nything
[INFO]2019-01-10T10:43:20.374 U have ver big error
[INFO]2019-01-10T10:43:20.374 You need to fix it asap
[ERROR]2019-01-10T10:43:20.374 no need todo nything
[INFO]2019-01-10T10:43:20.546 U have ver big error
[INFO]2019-01-10T10:43:20.546 You need to fix it asap
[ERROR]2019-01-10T10:43:20.546 no need todo nything
[INFO]2019-01-10T10:43:30.667 U have ver big error
[INFO]2019-01-10T10:43:30.683 You need to fix it asap
[ERROR]2019-01-10T10:43:30.683 no need todo nything
[INFO]2019-01-10T10:44:17.038 U have ver big error
[INFO]2019-01-10T10:45:00.054 You need to fix it asap
[ERROR]2019-01-10T10:45:05.304 no need todo nything
[INFO]2019-01-10T10:45:46.973 U have ver big error
[INFO]2019-01-10T10:45:46.973 You need to fix it asap
[ERROR]2019-01-10T10:45:46.973 no need todo nything
[INFO]2019-01-10T10:45:55.234 U have ver big error
[INFO]2019-01-10T10:45:55.234 You need to fix it asap
[ERROR]2019-01-10T10:45:55.234 no need todo nything
[INFO]2019-01-10T10:46:39.892 U have ver big error
[INFO]2019-01-10T10:46:39.892 You need to fix it asap
[ERROR]2019-01-10T10:46:39.892 no need todo nything
[INFO]2019-01-10T10:46:42.294 U have ver big error
[INFO]2019-01-10T10:46:42.294 You need to fix it asap
[ERROR]2019-01-10T10:46:42.294 no need todo nything
[INFO]2019-01-10T10:47:04.510 U have ver big error
[INFO]2019-01-10T10:47:04.510 You need to fix it asap
[ERROR]2019-01-10T10:47:04.510 no need todo nything
[INFO]2019-01-10T10:47:06.029 U have ver big error
[INFO]2019-01-10T10:47:06.029 You need to fix it asap
[ERROR]2019-01-10T10:47:06.029 no need todo nything
[INFO]2019-01-10T10:49:19.894 U have ver big error
[INFO]2019-01-10T10:49:19.894 You need to fix it asap
[ERROR]2019-01-10T10:49:19.894 no need todo nything
[INFO]2019-01-10T10:49:30.323 U have ver big error
[INFO]2019-01-10T10:49:30.323 You need to fix it asap
[ERROR]2019-01-10T10:49:30.323 no need todo nything
[INFO]2019-01-10T11:03:03.925 U have ver big error
[INFO]2019-01-10T11:03:03.925 You need to fix it asap
[ERROR]2019-01-10T11:03:03.925 no need todo nything
[INFO]2019-01-10T11:48:29.529 U have ver big error
[INFO]2019-01-10T11:48:29.544 You need to fix it asap
[ERROR]2019-01-10T11:48:29.544 no need todo nything
[INFO]2019-01-10T13:10:58.655 U have ver big error
[INFO]2019-01-10T13:10:58.658 You need to fix it asap
[ERROR]2019-01-10T13:10:58.659 no need todo nything
[INFO]2019-01-10T14:57:31.876 U have ver big error
[INFO]2019-01-10T14:57:31.876 You need to fix it asap
[ERROR]2019-01-10T14:57:31.876 no need todo nything
